#
# There is insufficient memory for the Java Runtime Environment to continue.
# Native memory allocation (mmap) failed to map 268435456 bytes for G1 virtual space
# Possible reasons:
#   The system is out of physical RAM or swap space
#   The process is running with CompressedOops enabled, and the Java Heap may be blocking the growth of the native heap
# Possible solutions:
#   Reduce memory load on the system
#   Increase physical memory or swap space
#   Check if swap backing store is full
#   Decrease Java heap size (-Xmx/-Xms)
#   Decrease number of Java threads
#   Decrease Java thread stack sizes (-Xss)
#   Set larger code cache with -XX:ReservedCodeCacheSize=
#   JVM is running with Zero Based Compressed Oops mode in which the Java heap is
#     placed in the first 32GB address space. The Java Heap base address is the
#     maximum limit for the native heap growth. Please use -XX:HeapBaseMinAddress
#     to set the Java Heap base and to place the Java Heap above 32GB virtual address.
# This output file may be truncated or incomplete.
#
#  Out of Memory Error (os_windows.cpp:3530), pid=33184, tid=24572
#
# JRE version:  (18.0.1.1+2) (build )
# Java VM: OpenJDK 64-Bit Server VM (18.0.1.1+2-6, mixed mode, sharing, tiered, compressed oops, compressed class ptrs, g1 gc, windows-amd64)
# No core dump will be written. Minidumps are not enabled by default on client versions of Windows
#

---------------  S U M M A R Y ------------

Command Line: -Dfile.encoding=windows-1252 -Duser.country=MY -Duser.language=en -Duser.variant com.example.demo.DemoApplication

Host: Intel(R) Core(TM) i7-7700HQ CPU @ 2.80GHz, 8 cores, 15G,  Windows 10 , 64 bit Build 19041 (10.0.19041.4717)
Time: Fri Sep  6 00:23:19 2024 Malay Peninsula Standard Time elapsed time: 0.018556 seconds (0d 0h 0m 0s)

---------------  T H R E A D  ---------------

Current thread (0x000001ec8c1996c0):  JavaThread "Unknown thread" [_thread_in_vm, id=24572, stack(0x0000002368300000,0x0000002368400000)]

Stack: [0x0000002368300000,0x0000002368400000]
Native frames: (J=compiled Java code, j=interpreted, Vv=VM code, C=native code)
V  [jvm.dll+0x69887a]
V  [jvm.dll+0x7f38bd]
V  [jvm.dll+0x7f51ce]
V  [jvm.dll+0x7f5883]
V  [jvm.dll+0x25ca3f]
V  [jvm.dll+0x6957c9]
V  [jvm.dll+0x68a2fa]
V  [jvm.dll+0x321efb]
V  [jvm.dll+0x3298d6]
V  [jvm.dll+0x37e47e]
V  [jvm.dll+0x37e6af]
V  [jvm.dll+0x2f9c7a]
V  [jvm.dll+0x2facdd]
V  [jvm.dll+0x7c24f0]
V  [jvm.dll+0x38b801]
V  [jvm.dll+0x7a1203]
V  [jvm.dll+0x40d6bf]
V  [jvm.dll+0x40f091]
C  [jli.dll+0x526b]
C  [ucrtbase.dll+0x21bb2]
C  [KERNEL32.DLL+0x17374]
C  [ntdll.dll+0x4cc91]


---------------  P R O C E S S  ---------------

Threads class SMR info:
_java_thread_list=0x00007fffa594d550, length=0, elements={
}

Java Threads: ( => current thread )

Other Threads:
  0x000001ec8c20aa90 WorkerThread "GC Thread#0" [stack: 0x0000002368400000,0x0000002368500000] [id=15308]
  0x000001ec8c21b710 ConcurrentGCThread "G1 Main Marker" [stack: 0x0000002368500000,0x0000002368600000] [id=9900]
  0x000001ec8c21c7b0 WorkerThread "G1 Conc#0" [stack: 0x0000002368600000,0x0000002368700000] [id=31216]

[error occurred during error reporting (printing all threads), id 0xc0000005, EXCEPTION_ACCESS_VIOLATION (0xc0000005) at pc=0x00007fffa517a217]

VM state: not at safepoint (not fully initialized)

VM Mutex/Monitor currently owned by a thread:  ([mutex/lock_event])
[0x000001ec8c195cf0] Heap_lock - owner thread: 0x000001ec8c1996c0

Heap address: 0x0000000701c00000, size: 4068 MB, Compressed Oops mode: Zero based, Oop shift amount: 3

CDS archive(s) mapped at: [0x0000000000000000-0x0000000000000000-0x0000000000000000), size 0, SharedBaseAddress: 0x0000000800000000, ArchiveRelocationMode: 0.
Narrow klass base: 0x0000000000000000, Narrow klass shift: 0, Narrow klass range: 0x0

GC Precious Log:
 CardTable entry size: 512
 Card Set container configuration: InlinePtr #cards 4 size 8 Array Of Cards #cards 16 size 48 Howl #buckets 8 coarsen threshold 3686 Howl Bitmap #cards 512 size 80 coarsen threshold 460 Card regions per heap region 1 cards per card region 4096

Heap:
 garbage-first heap   total 0K, used 0K [0x0000000701c00000, 0x0000000800000000)
  region size 2048K, 0 young (0K), 0 survivors (0K)

[error occurred during error reporting (printing heap information), id 0xc0000005, EXCEPTION_ACCESS_VIOLATION (0xc0000005) at pc=0x00007fffa5560cb9]

GC Heap History (0 events):
No events

Deoptimization events (0 events):
No events

Classes loaded (0 events):
No events

Classes unloaded (0 events):
No events

Classes redefined (0 events):
No events

Internal exceptions (0 events):
No events

VM Operations (0 events):
No events

Events (1 events):
Event: 0.010 Loaded shared library C:\Users\punch\.jdks\openjdk-18.0.1.1\bin\java.dll


Dynamic libraries:
0x00007ff65a1f0000 - 0x00007ff65a1fe000 	C:\Users\punch\.jdks\openjdk-18.0.1.1\bin\java.exe
0x00007ffff4a30000 - 0x00007ffff4c28000 	C:\WINDOWS\SYSTEM32\ntdll.dll
0x00007ffff3a50000 - 0x00007ffff3b11000 	C:\WINDOWS\System32\KERNEL32.DLL
0x00007ffff2370000 - 0x00007ffff266d000 	C:\WINDOWS\System32\KERNELBASE.dll
0x00007ffff20e0000 - 0x00007ffff21e0000 	C:\WINDOWS\System32\ucrtbase.dll
0x00007fffea0c0000 - 0x00007fffea0da000 	C:\Users\punch\.jdks\openjdk-18.0.1.1\bin\VCRUNTIME140.dll
0x00007fffec000000 - 0x00007fffec017000 	C:\Users\punch\.jdks\openjdk-18.0.1.1\bin\jli.dll
0x00007ffff3d90000 - 0x00007ffff3f2d000 	C:\WINDOWS\System32\USER32.dll
0x00007ffff2270000 - 0x00007ffff2292000 	C:\WINDOWS\System32\win32u.dll
0x00007fffdec10000 - 0x00007fffdeeaa000 	C:\WINDOWS\WinSxS\amd64_microsoft.windows.common-controls_6595b64144ccf1df_6.0.19041.4355_none_60b8b9eb71f62e16\COMCTL32.dll
0x00007ffff4420000 - 0x00007ffff444b000 	C:\WINDOWS\System32\GDI32.dll
0x00007ffff41a0000 - 0x00007ffff423e000 	C:\WINDOWS\System32\msvcrt.dll
0x00007ffff27e0000 - 0x00007ffff28f7000 	C:\WINDOWS\System32\gdi32full.dll
0x00007ffff22a0000 - 0x00007ffff233d000 	C:\WINDOWS\System32\msvcp_win.dll
0x00007ffff3d60000 - 0x00007ffff3d8f000 	C:\WINDOWS\System32\IMM32.DLL
0x00007fffef5b0000 - 0x00007fffef5bc000 	C:\Users\punch\.jdks\openjdk-18.0.1.1\bin\vcruntime140_1.dll
0x00007fffcc4d0000 - 0x00007fffcc55d000 	C:\Users\punch\.jdks\openjdk-18.0.1.1\bin\msvcp140.dll
0x00007fffa4e70000 - 0x00007fffa5a80000 	C:\Users\punch\.jdks\openjdk-18.0.1.1\bin\server\jvm.dll
0x00007ffff44e0000 - 0x00007ffff4590000 	C:\WINDOWS\System32\ADVAPI32.dll
0x00007ffff3f30000 - 0x00007ffff3fd0000 	C:\WINDOWS\System32\sechost.dll
0x00007ffff3b20000 - 0x00007ffff3c43000 	C:\WINDOWS\System32\RPCRT4.dll
0x00007ffff2340000 - 0x00007ffff2367000 	C:\WINDOWS\System32\bcrypt.dll
0x00007ffff49e0000 - 0x00007ffff49e8000 	C:\WINDOWS\System32\PSAPI.DLL
0x00007fffcec90000 - 0x00007fffcec99000 	C:\WINDOWS\SYSTEM32\WSOCK32.dll
0x00007fffe0820000 - 0x00007fffe0847000 	C:\WINDOWS\SYSTEM32\WINMM.dll
0x00007fffe7bb0000 - 0x00007fffe7bba000 	C:\WINDOWS\SYSTEM32\VERSION.dll
0x00007ffff4970000 - 0x00007ffff49db000 	C:\WINDOWS\System32\WS2_32.dll
0x00007fffeff60000 - 0x00007fffeff72000 	C:\WINDOWS\SYSTEM32\kernel.appcore.dll
0x00007fffef590000 - 0x00007fffef59a000 	C:\Users\punch\.jdks\openjdk-18.0.1.1\bin\jimage.dll
0x00007fffdfec0000 - 0x00007fffe00a4000 	C:\WINDOWS\SYSTEM32\DBGHELP.DLL
0x00007fffd98a0000 - 0x00007fffd98d4000 	C:\WINDOWS\SYSTEM32\dbgcore.DLL
0x00007ffff21e0000 - 0x00007ffff2262000 	C:\WINDOWS\System32\bcryptPrimitives.dll
0x00007fffdb070000 - 0x00007fffdb095000 	C:\Users\punch\.jdks\openjdk-18.0.1.1\bin\java.dll

dbghelp: loaded successfully - version: 4.0.5 - missing functions: none
symbol engine: initialized successfully - sym options: 0x614 - pdb path: .;C:\Users\punch\.jdks\openjdk-18.0.1.1\bin;C:\WINDOWS\SYSTEM32;C:\WINDOWS\WinSxS\amd64_microsoft.windows.common-controls_6595b64144ccf1df_6.0.19041.4355_none_60b8b9eb71f62e16;C:\Users\punch\.jdks\openjdk-18.0.1.1\bin\server

VM Arguments:
jvm_args: -Dfile.encoding=windows-1252 -Duser.country=MY -Duser.language=en -Duser.variant 
java_command: com.example.demo.DemoApplication
java_class_path (initial): C:\Users\punch\Desktop\demo\demo\build\classes\java\main;C:\Users\punch\Desktop\demo\demo\build\resources\main;C:\Users\punch\.gradle\caches\modules-2\files-2.1\org.springframework.boot\spring-boot-starter-web\3.2.3\bf2b775d4f4e6349129c64de30939a5493779706\spring-boot-starter-web-3.2.3.jar;C:\Users\punch\.gradle\caches\modules-2\files-2.1\org.springframework.boot\spring-boot-starter-webflux\3.1.2\2da7a1c02b1725e4594842307e283fc539d480d7\spring-boot-starter-webflux-3.1.2.jar;C:\Users\punch\.gradle\caches\modules-2\files-2.1\org.springframework.boot\spring-boot-starter-json\3.2.3\c71ec683425f09b7a213358d3b22959d929d1108\spring-boot-starter-json-3.2.3.jar;C:\Users\punch\.gradle\caches\modules-2\files-2.1\org.springframework.boot\spring-boot-starter\3.2.3\15f3e03b0fd9570f90bdce9651610cc152534cf4\spring-boot-starter-3.2.3.jar;C:\Users\punch\.gradle\caches\modules-2\files-2.1\org.springframework.boot\spring-boot-starter-tomcat\3.2.3\ac392404d41766194b8fce6834c71879f9e8f479\spring-boot-starter-tomcat-3.2.3.jar;C:\Users\punch\.gradle\caches\modules-2\files-2.1\org.springframework\spring-webmvc\6.1.4\e7aad7c53e05c8772209e915029e121262a7bc33\spring-webmvc-6.1.4.jar;C:\Users\punch\.gradle\caches\modules-2\files-2.1\org.springframework\spring-webflux\6.1.4\c559d4e0c44a735dc4fcd09bed6e7981903f9e0a\spring-webflux-6.1.4.jar;C:\Users\punch\.gradle\caches\modules-2\files-2.1\org.springframework\spring-web\6.1.4\b237532e03330a7cf8f66dc147e62bbbe44c702f\spring-web-6.1.4.jar;C:\Users\punch\.gradle\caches\modules-2\files-2.1\org.springframework.boot\spring-boot-starter-reactor-netty\3.2.3\558d5d87aaae97cfa954232192211a1243641cc1\spring-boot-starter-reactor-netty-3.2.3.jar;C:\Users\punch\.gradle\caches\modules-2\files-2.1\org.springframework.boot\spring-boot-autoconfigure\3.2.3\59db74eb4196885bb5a149417ab1ab51dc9b6952\spring-boot-autoconfigure-3.2.3.jar;C:\Users\punch\.gradle\caches\modules-2\files-2.1\org.springframework.boot\spring-boot\3.2.3\b4aa6e3fdc4078fee4a4b9d702d9cc64e3fad1d4\spring-boot-3.2.3.jar;C:\Users\punch\.gradle\caches\modules-2\files-2.1\org.springframework.boot\spring-boot-starter-logging\3.2.3\c186015229d7f5cbd30ea99bf903a8cede6d849f\spring-boot-starter-logging-3.2.3.jar;C:\Users\punch\.gradle\caches\modules-2\files-2.1\jakarta.annotation\jakarta.annotation-api\2.1.1\48b9bda22b091b1f48b13af03fe36db3be6e1ae3\jakarta.annotation-api-2.1.1.jar;C:\Users\punch\.gradle\caches\modules-2\files-2.1\org.springframework\spring-context\6.1.4\765316bef55e41e4523f9b2780b8721ce5dd0fe2\spring-context-6.1.4.jar;C:\Users\punch\.gradle\caches\modules-2\files-2.1\org.springframework\spring-aop\6.1.4\26ae2c9e7f69b0235a2faca1c58416c51eaebef6\spring-aop-6.1.4.jar;C:\Users\punch\.gradle\caches\modules-2\files-2.1\org.springframework\spring-beans\6.1.4\e311cc9937d522a1051622580b4a2c250fc74164\spring-beans-6.1.4.jar;C:\Users\punch\.gradle\caches\modules-2\files-2.1\org.springframework\spring-expression\6.1.4\a1f2e3af83c7222b7f95f68a8e0666fdcceb35e1\spring-expression-6.1.4.jar;C:\Users\punch\.gradle\caches\modules-2\files-2.1\org.springframework\spring-core\6.1.4\3b4dde8f55c3d5d4e948de64b866d7bb27e5a8d4\spring-core-6.1.4.jar;C:\Users\punch\.gradle\caches\modules-2\files-2.1\org.yaml\snakeyaml\2.2\3af797a25458550a16bf89acc8e4ab2b7f2bfce0\snakeyaml-2.2.jar;C:\Users\punch\.gradle\caches\modules-2\files-2.1\com.fasterxml.jackson.datatype\jackson-datatype-jsr310\2.15.4\7de629770a4559db57128d35ccae7d2fddd35db3\jackson-datatype-jsr310-2.15.4.jar;C:\Users\punch\.gradle\caches\modules-2\files-2.1\com.fasterxml.jackson.module\jackson-module-parameter-names\2.15.4\e654497a08359db2521b69b5f710e00836915d8c\jackson-module-parameter-names-2.15.4.jar;C:\Users\punch\.gradle\caches\modules-2\files-2.1\com.fasterxml.jackson.core\jackson-annotations\2.15.4\5223ea5a9bf52cdc9c5e537a0e52f2432eaf208b\jackson-annotations-2.15.4.jar;C:\Users\punch\.gradle\caches\modules-2\files-2.1\com.fasterxml.jackson.core\jackson-core\2.15.4\aebe84b45360debad94f692a4074c6aceb535fa0\jackson-core-2.15.4.jar;C:\Users\punch\.gradle\caches\modules-2\files-2.1\com.fasterxml.jackson.datatype\jackson-datatype-jdk8\2.15.4\694777f182334a21bf1aeab1b04cc4398c801f3f\jackson-datatype-jdk8-2.15.4.jar;C:\Users\punch\.gradle\caches\modules-2\files-2.1\com.fasterxml.jackson.core\jackson-databind\2.15.4\560309fc381f77d4d15c4a4cdaa0db5025c4fd13\jackson-databind-2.15.4.jar;C:\Users\punch\.gradle\caches\modules-2\files-2.1\org.apache.tomcat.embed\tomcat-embed-websocket\10.1.19\adf4710fac2471236f8a466ca678cdf7e6a8257c\tomcat-embed-websocket-10.1.19.jar;C:\Users\punch\.gradle\caches\modules-2\files-2.1\org.apache.tomcat.embed\tomcat-embed-core\10.1.19\3dbbca8acbd4dd6a137c3d6f934a2931512b42ce\tomcat-embed-core-10.1.19.jar;C:\Users\punch\.gradle\caches\modules-2\files-2.1\org.apache.tomcat.embed\tomcat-embed-el\10.1.19\c61a582c391aca130884a5421deedfe1a96c7415\tomcat-embed-el-10.1.19.jar;C:\Users\punch\.gradle\caches\modules-2\files-2.1\io.micrometer\micrometer-observation\1.12.3\105f768c211564fcebe4d79419bda4ebef0d0ac7\micrometer-observation-1.12.3.jar;C:\Users\punch\.gradle\caches\modules-2\files-2.1\io.projectreactor.netty\reactor-netty-http\1.1.16\a1be57535c8bdd2ae9d35d8bcf699fafe6de02e6\reactor-netty-http-1.1.16.jar;C:\Users\punch\.gradle\caches\modules-2\files-2.1\io.projectreactor.netty\reactor-netty-core\1.1.16\cf9af9296b92100cfe8284fe262fce4b493dcde5\reactor-netty-core-1.1.16.jar;C:\Users\punch\.gradle\caches\modules-2\files-2.1\io.projectreactor\reactor-core\3.6.3\f8e14cecf387099ed72c3b141a60908f701ae8b0\reactor-core-3.6.3.jar;C:\Users\punch\.gradle\caches\modules-2\files-2.1\ch.qos.logback\logback-classic\1.4.14\d98bc162275134cdf1518774da4a2a17ef6fb94d\logback-classic-1.4.14.jar;C:\Users\punch\.gradle\caches\modules-2\files-2.1\org.apache.logging.log4j\log4j-to-slf4j\2.21.1\d77b2ba81711ed596cd797cc2b5b5bd7409d841c\log4j-to-slf4j-2.21.1.jar;C:\Users\punch\.gradle\caches\modules-2\files-2.1\org.slf4j\jul-to-slf4j\2.0.12\eb5f48f782b41cc881b0bf1fb4d88ae2ff6d5b93\jul-to-slf4j-2.0.12.jar;C:\Users\punch\.gradle\caches\modules-2\files-2.1\org.springframework\spring-jcl\6.1.4\a244bd674a5431dfdce68d28cdf857104e6fff67\spring-jcl-6.1.4.jar;C:\Users\punch\.gradle\caches\modules-2\files-2.1\io.micrometer\micrometer-commons\1.12.3\83add2dda5cdc811fefb83e858c7412a176fe5b1\micrometer-commons-1.12.3.jar;C:\Users\punch\.gradle\caches\modules-2\files-2.1\io.netty\netty-codec-http2\4.1.107.Final\3885ffe7dd05c9773df70c61009f34a5a8a383ec\netty-codec-http2-4.1.107.Final.jar;C:\Users\punch\.gradle\caches\modules-2\files-2.1\io.netty\netty-handler-proxy\4.1.107.Final\ebc495e9b2bc2c9ab60a264b40f62dc0671d9f6e\netty-handler-proxy-4.1.107.Final.jar;C:\Users\punch\.gradle\caches\modules-2\files-2.1\io.netty\netty-codec-http\4.1.107.Final\4d8e9e51b7254bd26a42fe17bdcae32e4c6ebb3\netty-codec-http-4.1.107.Final.jar;C:\Users\punch\.gradle\caches\modules-2\files-2.1\io.netty\netty-resolver-dns-native-macos\4.1.107.Final\ca071cb93bd52f4193a980158b97e3d068d22d18\netty-resolver-dns-native-macos-4.1.107.Final-osx-x86_64.jar;C:\Users\punch\.gradle\caches\modules-2\files-2.1\io.netty\netty-resolver-dns-classes-macos\4.1.107.Final\eb069de9b8621a42e7c1843c5f21c7a86e943e0f\netty-resolver-dns-classes-macos-4.1.107.Final.jar;C:\Users\punch\.gradle\caches\modules-2\files-2.1\io.netty\netty-resolver-dns\4.1.107.Final\d655d09e972dee46f580dbcf41c0d1356aea9e1b\netty-resolver-dns-4.1.107.Final.jar;C:\Users\punch\.gradle\caches\modules-2\files-2.1\io.netty\netty-transport-native-epoll\4.1.107.Final\2df4e2533a4c0dd124ac06b03d606e790dc7f9af\netty-transport-native-epoll-4.1.107.Final-linux-x86_64.jar;C:\Users\punch\.gradle\caches\modules-2\files-2.1\org.reactivestreams\reactive-streams\1.0.4\3864a1320d97d7b045f729a326e1e077661f31b7\reactive-streams-1.0.4.jar;C:\Users\punch\.gradle\caches\modules-2\files-2.1\ch.qos.logback\logback-core\1.4.14\4d3c2248219ac0effeb380ed4c5280a80bf395e8\logback-core-1.4.14.jar;C:\Users\punch\.gradle\caches\modules-2\files-2.1\org.slf4j\slf4j-api\2.0.12\48f109a2a6d8f446c794f3e3fa0d86df0cdfa312\slf4j-api-2.0.12.jar;C:\Users\punch\.gradle\caches\modules-2\files-2.1\org.apache.logging.log4j\log4j-api\2.21.1\74c65e87b9ce1694a01524e192d7be989ba70486\log4j-api-2.21.1.jar;C:\Users\punch\.gradle\caches\modules-2\files-2.1\io.netty\netty-handler\4.1.107.Final\d4c6b05f4d9aca117981297fb7f02953102ebb5e\netty-handler-4.1.107.Final.jar;C:\Users\punch\.gradle\caches\modules-2\files-2.1\io.netty\netty-codec-dns\4.1.107.Final\945e8ad5ab7ec4f11fb0257d2594af0cfae1d4b7\netty-codec-dns-4.1.107.Final.jar;C:\Users\punch\.gradle\caches\modules-2\files-2.1\io.netty\netty-codec-socks\4.1.107.Final\3b7070e9acfe262bb0bd936c4051116631796b3b\netty-codec-socks-4.1.107.Final.jar;C:\Users\punch\.gradle\caches\modules-2\files-2.1\io.netty\netty-codec\4.1.107.Final\a1d32debf2ed07c5852ab5b2904c43adb76c39e\netty-codec-4.1.107.Final.jar;C:\Users\punch\.gradle\caches\modules-2\files-2.1\io.netty\netty-transport-classes-epoll\4.1.107.Final\9234407d6a46745599735765c4d3755c7fc84162\netty-transport-classes-epoll-4.1.107.Final.jar;C:\Users\punch\.gradle\caches\modules-2\files-2.1\io.netty\netty-transport-native-unix-common\4.1.107.Final\4d61d4959741109b3eccd7337f11fc89fa90a74a\netty-transport-native-unix-common-4.1.107.Final.jar;C:\Users\punch\.gradle\caches\modules-2\files-2.1\io.netty\netty-transport\4.1.107.Final\d6a105c621b47d1410e0e09419d7209d2d46e914\netty-transport-4.1.107.Final.jar;C:\Users\punch\.gradle\caches\modules-2\files-2.1\io.netty\netty-buffer\4.1.107.Final\8509a72b8a5a2d33d611e99254aed39765c3ad82\netty-buffer-4.1.107.Final.jar;C:\Users\punch\.gradle\caches\modules-2\files-2.1\io.netty\netty-resolver\4.1.107.Final\dfee84308341a42131dd0f8ac0e1e02d627c19f3\netty-resolver-4.1.107.Final.jar;C:\Users\punch\.gradle\caches\modules-2\files-2.1\io.netty\netty-common\4.1.107.Final\4f17a547530d64becd7179507b25f4154bcfba57\netty-common-4.1.107.Final.jar
Launcher Type: SUN_STANDARD

[Global flags]
     intx CICompilerCount                          = 4                                         {product} {ergonomic}
     uint ConcGCThreads                            = 2                                         {product} {ergonomic}
     uint G1ConcRefinementThreads                  = 8                                         {product} {ergonomic}
   size_t G1HeapRegionSize                         = 2097152                                   {product} {ergonomic}
    uintx GCDrainStackTargetSize                   = 64                                        {product} {ergonomic}
   size_t InitialHeapSize                          = 268435456                                 {product} {ergonomic}
   size_t MarkStackSize                            = 4194304                                   {product} {ergonomic}
   size_t MaxHeapSize                              = 4265607168                                {product} {ergonomic}
   size_t MinHeapDeltaBytes                        = 2097152                                   {product} {ergonomic}
   size_t MinHeapSize                              = 8388608                                   {product} {ergonomic}
    uintx NonNMethodCodeHeapSize                   = 5839372                                {pd product} {ergonomic}
    uintx NonProfiledCodeHeapSize                  = 122909434                              {pd product} {ergonomic}
    uintx ProfiledCodeHeapSize                     = 122909434                              {pd product} {ergonomic}
    uintx ReservedCodeCacheSize                    = 251658240                              {pd product} {ergonomic}
     bool SegmentedCodeCache                       = true                                      {product} {ergonomic}
   size_t SoftMaxHeapSize                          = 4265607168                             {manageable} {ergonomic}
     bool UseCompressedClassPointers               = true                           {product lp64_product} {ergonomic}
     bool UseCompressedOops                        = true                           {product lp64_product} {ergonomic}
     bool UseG1GC                                  = true                                      {product} {ergonomic}
     bool UseLargePagesIndividualAllocation        = false                                  {pd product} {ergonomic}

Logging:
Log output configuration:
 #0: stdout all=warning uptime,level,tags foldmultilines=false
 #1: stderr all=off uptime,level,tags foldmultilines=false

Environment Variables:
JAVA_HOME=C:\Program Files\Java\jdk-19
PATH=C:\Program Files\Common Files\Oracle\Java\javapath;C:\Program Files (x86)\Intel\iCLS Client\;C:\Program Files\Intel\iCLS Client\;C:\Windows\system32;C:\Windows;C:\Windows\System32\Wbem;C:\Windows\System32\WindowsPowerShell\v1.0\;C:\Program Files\Intel\WiFi\bin\;C:\Program Files\Common Files\Intel\WirelessCommon\;C:\Program Files (x86)\NVIDIA Corporation\PhysX\Common;C:\Program Files (x86)\Intel\Intel(R) Management Engine Components\DAL;C:\Program Files\Intel\Intel(R) Management Engine Components\DAL;C:\Program Files (x86)\Intel\Intel(R) Management Engine Components\IPT;C:\Program Files\Intel\Intel(R) Management Engine Components\IPT;C:\WINDOWS\system32;C:\WINDOWS;C:\WINDOWS\System32\Wbem;C:\WINDOWS\System32\WindowsPowerShell\v1.0\;C:\WINDOWS\System32\OpenSSH\;C:\Program Files (x86)\Microsoft SQL Server\150\DTS\Binn\;C:\Program Files\Git\cmd;C:\Program Files (x86)\Microsoft SQL Server\160\Tools\Binn\;C:\Program Files\Microsoft SQL Server\160\Tools\Binn\;C:\Program Files\Microsoft SQL Server\Client SDK\ODBC\170\Tools\Binn\;C:\Program Files\Microsoft SQL Server\160\DTS\Binn\;C:\Program Files\apache-maven-3.8.7\bin;%MAVEN_HOME%\bin;C:\Program Files\PuTTY\;C:\ProgramData\chocolatey\bin;D:\Personal Data\Node JS\;C:\Users\punch\AppData\Local\Microsoft\WindowsApps;;C:\Program Files\Azure Data Studio\bin;D:\Personal Data\Microsoft VS Code\bin;C:\Users\punch\AppData\Roaming\npm
USERNAME=punch
OS=Windows_NT
PROCESSOR_IDENTIFIER=Intel64 Family 6 Model 158 Stepping 9, GenuineIntel



---------------  S Y S T E M  ---------------

OS:
 Windows 10 , 64 bit Build 19041 (10.0.19041.4717)
OS uptime: 14 days 23:19 hours

CPU: total 8 (initial active 8) (4 cores per cpu, 2 threads per core) family 6 model 158 stepping 9 microcode 0xb4, cx8, cmov, fxsr, ht, mmx, 3dnowpref, sse, sse2, sse3, ssse3, sse4.1, sse4.2, popcnt, lzcnt, tsc, tscinvbit, avx, avx2, aes, erms, clmul, bmi1, bmi2, adx, fma, vzeroupper, clflush, clflushopt

Memory: 4k page, system-wide physical 16268M (1117M free)
TotalPageFile size 31397M (AvailPageFile size 54M)
current process WorkingSet (physical memory assigned to process): 10M, peak: 10M
current process commit charge ("private bytes"): 60M, peak: 316M

vm_info: OpenJDK 64-Bit Server VM (18.0.1.1+2-6) for windows-amd64 JRE (18.0.1.1+2-6), built on Apr 25 2022 21:50:56 by "mach5one" with MS VC++ 16.8 / 16.9 (VS2019)

END.
